<?xml version="1.0" encoding="UTF-8"?>
<!-- Generated by org.testng.reporters.JUnitReportReporter -->
<testsuite skipped="0" hostname="LAPTOP-AI9CD3N0" name="com.actiTime.TestActiTimeLogin" tests="1" failures="0" timestamp="2021-11-27T08:52:18 IST" time="10.507" errors="0">
  <testcase name="loginTest" time="10.507" classname="com.actiTime.TestActiTimeLogin"/>
  <system-out/>
</testsuite> <!-- com.actiTime.TestActiTimeLogin -->
